{
  "RSpec": {
    "coverage": {
      "/Users/pallavideshmukh/rubyclass/org/lib/org.rb": [
        1,
        null,
        null,
        1,
        1,
        1
      ],
      "/Users/pallavideshmukh/rubyclass/org/lib/org/base_department.rb": [
        null,
        1,
        null,
        1,
        0,
        null,
        null,
        null
      ],
      "/Users/pallavideshmukh/rubyclass/org/lib/org/procurement_department.rb": [
        null,
        1,
        null,
        1,
        6,
        null,
        null,
        1,
        6,
        null,
        null,
        null
      ],
      "/Users/pallavideshmukh/rubyclass/org/lib/org/managerial_department.rb": [
        null,
        1,
        null,
        1,
        3,
        null,
        null,
        1,
        6,
        null,
        null,
        null
      ],
      "/Users/pallavideshmukh/rubyclass/org/spec/org/procurement_department_spec.rb": [
        1,
        1,
        null,
        1,
        1,
        1,
        1,
        null,
        null,
        null,
        null
      ]
    },
    "timestamp": 1433940877
  }
}
