{
  "RSpec": {
    "coverage": {
      "/Users/pallavideshmukh/rubyclass/org/lib/org.rb": [
        1,
        null,
        null,
        1,
        1
      ],
      "/Users/pallavideshmukh/rubyclass/org/lib/org/department.rb": [
        null,
        1,
        null,
        1,
        4,
        4,
        null,
        null,
        1,
        2,
        null,
        null,
        1,
        2,
        null,
        null,
        1,
        1,
        null,
        null,
        null
      ],
      "/Users/pallavideshmukh/rubyclass/org/lib/org/manager.rb": [
        null,
        1,
        null,
        1,
        1,
        null,
        null
      ],
      "/Users/pallavideshmukh/rubyclass/org/spec/org/manager_spec.rb": [
        1,
        1,
        null,
        1,
        1,
        1,
        1,
        1,
        null,
        null,
        null,
        null
      ]
    },
    "timestamp": 1433936102
  }
}
